{
  "RSpec": {
    "coverage": {
      "/Users/k1low/src/github.com/k1LoW/awspec/lib/awspec.rb": {
        "lines": [
          1,
          1,
          1,
          1,
          1,
          1,
          1,
          1,
          1,
          1,
          1,
          1,
          1,
          1,
          1,
          1,
          1,
          1,
          1,
          1,
          null,
          1,
          null
        ]
      },
      "/Users/k1low/src/github.com/k1LoW/awspec/lib/awspec/config.rb": {
        "lines": [
          1,
          null,
          1,
          null,
          1,
          1,
          1,
          null,
          1,
          null,
          0,
          null,
          null,
          null,
          null,
          null,
          1,
          0,
          null,
          null,
          1,
          0,
          null,
          null,
          1,
          0,
          null,
          null,
          1,
          0,
          null,
          null,
          1,
          0,
          null,
          null,
          null,
          1,
          0,
          null,
          null
        ]
      },
      "/Users/k1low/src/github.com/k1LoW/awspec/lib/awspec/error.rb": {
        "lines": [
          1,
          1,
          null,
          1,
          null,
          null,
          null,
          null,
          null,
          null,
          null,
          1,
          null,
          null,
          null,
          null,
          null,
          null,
          null,
          null,
          1,
          0,
          0,
          0,
          0,
          null,
          null,
          null,
          null,
          1,
          null,
          null
        ]
      },
      "/Users/k1low/src/github.com/k1LoW/awspec/lib/awspec/ext.rb": {
        "lines": [
          1,
          1,
          1,
          1
        ]
      },
      "/Users/k1low/src/github.com/k1LoW/awspec/lib/awspec/ext/array.rb": {
        "lines": [
          1,
          1,
          0,
          0,
          null,
          0,
          null,
          null
        ]
      },
      "/Users/k1low/src/github.com/k1LoW/awspec/lib/awspec/ext/hash.rb": {
        "lines": [
          1,
          1,
          0,
          0,
          0,
          0,
          null,
          0,
          null,
          null
        ]
      },
      "/Users/k1low/src/github.com/k1LoW/awspec/lib/awspec/ext/string.rb": {
        "lines": [
          1,
          1,
          2,
          null,
          null,
          1,
          0,
          null,
          null,
          1,
          5,
          null,
          null,
          1,
          1,
          null,
          null
        ]
      },
      "/Users/k1low/src/github.com/k1LoW/awspec/lib/awspec/ext/struct.rb": {
        "lines": [
          1,
          1,
          0,
          0,
          null,
          0,
          null,
          null
        ]
      },
      "/Users/k1low/src/github.com/k1LoW/awspec/lib/awspec/cli.rb": {
        "lines": [
          1,
          1,
          1,
          null,
          1,
          1,
          1,
          1,
          0,
          null,
          null,
          1,
          1,
          1,
          null,
          1,
          1,
          0,
          0,
          null,
          0,
          null,
          null,
          null,
          null
        ]
      },
      "/Users/k1low/src/github.com/k1LoW/awspec/lib/awspec/setup.rb": {
        "lines": [
          1,
          1,
          null,
          1,
          1,
          1,
          0,
          0,
          0,
          0,
          null,
          null,
          1,
          0,
          null,
          null,
          null,
          0,
          0,
          0,
          0,
          null,
          null,
          0,
          0,
          null,
          null,
          0,
          0,
          null,
          0,
          0,
          null,
          0,
          null,
          null,
          null,
          1,
          0,
          null,
          null,
          null,
          null,
          null,
          0,
          0,
          null,
          0,
          0,
          null,
          0,
          null,
          null,
          null,
          1,
          0,
          null,
          null,
          0,
          0,
          null,
          0,
          0,
          null,
          0,
          null,
          null,
          null,
          1,
          0,
          null,
          null,
          null,
          0,
          0,
          null,
          0,
          0,
          null,
          0,
          null,
          null,
          null,
          null
        ]
      },
      "/Users/k1low/src/github.com/k1LoW/awspec/lib/awspec/command/generate.rb": {
        "lines": [
          1,
          1,
          null,
          1,
          1,
          1,
          1,
          1,
          null,
          null,
          1,
          null,
          null,
          null,
          1,
          17,
          17,
          0,
          0,
          null,
          null,
          null,
          1,
          1,
          0,
          0,
          null,
          null,
          1,
          1,
          0,
          0,
          0,
          null,
          0,
          null,
          null,
          null,
          null,
          1,
          null,
          null,
          1,
          3,
          3,
          0,
          0,
          null,
          null,
          null,
          null,
          1,
          null,
          null,
          null,
          null,
          1,
          16,
          2,
          null,
          14,
          null,
          16,
          0,
          0,
          null,
          null,
          null,
          null
        ]
      },
      "/Users/k1low/src/github.com/k1LoW/awspec/lib/awspec/stub.rb": {
        "lines": [
          1,
          1,
          1,
          1,
          null,
          null,
          null
        ]
      },
      "/Users/k1low/src/github.com/k1LoW/awspec/lib/awspec/matcher.rb": {
        "lines": [
          null,
          1,
          1,
          1,
          1,
          null,
          null,
          1,
          1,
          1,
          null,
          null,
          1,
          1,
          null,
          null,
          1,
          null,
          null,
          1,
          null,
          null,
          1,
          1,
          null,
          null,
          1,
          null,
          null,
          1,
          1,
          null,
          null,
          1,
          null,
          null,
          1,
          1,
          null,
          null,
          1,
          1,
          null,
          null,
          1,
          1,
          null,
          null,
          1,
          null,
          null,
          1,
          null,
          null,
          1,
          null,
          null,
          1,
          1,
          null,
          null,
          1,
          null,
          null,
          1,
          null,
          null,
          1,
          null,
          null,
          1,
          1,
          null,
          null,
          1,
          1,
          null,
          null,
          1,
          1,
          null,
          null,
          1,
          1,
          1
        ]
      },
      "/Users/k1low/src/github.com/k1LoW/awspec/lib/awspec/matcher/belong_to_vpc.rb": {
        "lines": [
          1,
          0,
          0,
          0,
          0,
          0,
          null,
          null
        ]
      },
      "/Users/k1low/src/github.com/k1LoW/awspec/lib/awspec/matcher/belong_to_subnet.rb": {
        "lines": [
          1,
          0,
          null,
          0,
          0,
          0,
          0,
          0,
          null,
          null,
          null,
          0,
          0,
          0,
          0,
          null,
          null,
          0,
          null,
          0,
          null,
          null,
          0,
          0,
          0,
          null,
          null,
          0,
          null,
          null,
          null
        ]
      },
      "/Users/k1low/src/github.com/k1LoW/awspec/lib/awspec/matcher/have_tag.rb": {
        "lines": [
          1,
          0,
          0,
          null,
          null,
          0,
          0,
          null,
          null,
          0,
          0,
          null,
          null
        ]
      },
      "/Users/k1low/src/github.com/k1LoW/awspec/lib/awspec/matcher/have_network_interface.rb": {
        "lines": [
          1,
          0,
          0,
          null,
          null,
          0,
          0,
          null,
          null,
          0,
          0,
          0,
          null,
          null,
          null
        ]
      },
      "/Users/k1low/src/github.com/k1LoW/awspec/lib/awspec/matcher/belong_to_db_subnet_group.rb": {
        "lines": [
          1,
          0,
          0,
          null,
          null
        ]
      },
      "/Users/k1low/src/github.com/k1LoW/awspec/lib/awspec/matcher/have_db_parameter_group.rb": {
        "lines": [
          1,
          0,
          0,
          null,
          null,
          0,
          0,
          null,
          null
        ]
      },
      "/Users/k1low/src/github.com/k1LoW/awspec/lib/awspec/matcher/have_option_group.rb": {
        "lines": [
          1,
          0,
          0,
          null,
          null,
          0,
          0,
          null,
          null
        ]
      },
      "/Users/k1low/src/github.com/k1LoW/awspec/lib/awspec/matcher/be_opened.rb": {
        "lines": [
          1,
          0,
          0,
          null,
          null,
          0,
          0,
          null,
          null,
          0,
          0,
          null,
          null,
          0,
          0,
          null,
          null
        ]
      },
      "/Users/k1low/src/github.com/k1LoW/awspec/lib/awspec/matcher/be_opened_only.rb": {
        "lines": [
          1,
          0,
          0,
          null,
          null,
          0,
          0,
          null,
          null,
          0,
          0,
          null,
          null,
          0,
          0,
          null,
          null
        ]
      },
      "/Users/k1low/src/github.com/k1LoW/awspec/lib/awspec/matcher/have_record_set.rb": {
        "lines": [
          1,
          0,
          0,
          null,
          null,
          0,
          0,
          0,
          0,
          0,
          null,
          null,
          null,
          0,
          0,
          0,
          0,
          0,
          null,
          null,
          0,
          0,
          0,
          0,
          0,
          null,
          null,
          0,
          0,
          0,
          null,
          null,
          0,
          0,
          null,
          null,
          0,
          0,
          0,
          null,
          null
        ]
      },
      "/Users/k1low/src/github.com/k1LoW/awspec/lib/awspec/matcher/have_route.rb": {
        "lines": [
          1,
          0,
          0,
          0,
          null,
          0,
          null,
          0,
          null,
          null,
          0,
          0,
          0,
          0,
          0,
          null,
          null,
          0,
          null,
          0,
          0,
          null,
          0,
          0,
          null,
          null,
          0,
          null,
          0,
          0,
          null,
          0,
          null,
          null
        ]
      },
      "/Users/k1low/src/github.com/k1LoW/awspec/lib/awspec/matcher/belong_to_iam_group.rb": {
        "lines": [
          1,
          0,
          0,
          0,
          0,
          null,
          null,
          null
        ]
      },
      "/Users/k1low/src/github.com/k1LoW/awspec/lib/awspec/matcher/have_inline_policy.rb": {
        "lines": [
          1,
          0,
          0,
          null,
          null,
          0,
          0,
          null,
          null
        ]
      },
      "/Users/k1low/src/github.com/k1LoW/awspec/lib/awspec/matcher/be_allowed_action.rb": {
        "lines": [
          1,
          0,
          0,
          null,
          null,
          null,
          0,
          0,
          null,
          null,
          null,
          0,
          0,
          null,
          null,
          0,
          0,
          null,
          null
        ]
      },
      "/Users/k1low/src/github.com/k1LoW/awspec/lib/awspec/matcher/belong_to_replication_group.rb": {
        "lines": [
          1,
          0,
          null,
          0,
          null,
          null
        ]
      },
      "/Users/k1low/src/github.com/k1LoW/awspec/lib/awspec/matcher/belong_to_cache_subnet_group.rb": {
        "lines": [
          1,
          0,
          0,
          null,
          null
        ]
      },
      "/Users/k1low/src/github.com/k1LoW/awspec/lib/awspec/matcher/belong_to_metric.rb": {
        "lines": [
          1,
          0,
          0,
          0,
          null,
          0,
          null,
          null,
          null,
          0,
          0,
          null,
          null
        ]
      },
      "/Users/k1low/src/github.com/k1LoW/awspec/lib/awspec/matcher/be_allowed.rb": {
        "lines": [
          1,
          0,
          0,
          null,
          null,
          0,
          0,
          null,
          null,
          0,
          0,
          null,
          null,
          0,
          0,
          null,
          null,
          0,
          0,
          null,
          null,
          0,
          0,
          null,
          null
        ]
      },
      "/Users/k1low/src/github.com/k1LoW/awspec/lib/awspec/matcher/be_denied.rb": {
        "lines": [
          1,
          0,
          0,
          null,
          null,
          0,
          0,
          null,
          null,
          0,
          0,
          null,
          null,
          0,
          0,
          null,
          null,
          0,
          0,
          null,
          null,
          0,
          0,
          null,
          null
        ]
      },
      "/Users/k1low/src/github.com/k1LoW/awspec/lib/awspec/matcher/be_attached_to.rb": {
        "lines": [
          1,
          0,
          null,
          0,
          0,
          null,
          0,
          null,
          null,
          0,
          0,
          null,
          null,
          0,
          0,
          0,
          null,
          null,
          null
        ]
      },
      "/Users/k1low/src/github.com/k1LoW/awspec/lib/awspec/matcher/have_private_ip_address.rb": {
        "lines": [
          1,
          0,
          0,
          null,
          null,
          0,
          0,
          null,
          null
        ]
      },
      "/Users/k1low/src/github.com/k1LoW/awspec/lib/awspec/matcher/have_origin.rb": {
        "lines": [
          1,
          0,
          0,
          null,
          null,
          null,
          null,
          null,
          null,
          0,
          0,
          null,
          null,
          0,
          0,
          null,
          null,
          0,
          0,
          null,
          null
        ]
      },
      "/Users/k1low/src/github.com/k1LoW/awspec/lib/awspec/matcher/have_custom_response_error_code.rb": {
        "lines": [
          1,
          0,
          0,
          null,
          null,
          null,
          null,
          null,
          null,
          0,
          0,
          null,
          null,
          0,
          0,
          null,
          null,
          0,
          0,
          null,
          null
        ]
      },
      "/Users/k1low/src/github.com/k1LoW/awspec/lib/awspec/matcher/have_key_policy.rb": {
        "lines": [
          1,
          0,
          0,
          null,
          null,
          0,
          0,
          null,
          null
        ]
      },
      "/Users/k1low/src/github.com/k1LoW/awspec/lib/awspec/matcher/have_rule.rb": {
        "lines": [
          1,
          0,
          0,
          0,
          0,
          0,
          null,
          null,
          0,
          0,
          null,
          null,
          0,
          0,
          null,
          null,
          0,
          0,
          null,
          null,
          0,
          0,
          null,
          null,
          0,
          0,
          null,
          null,
          0,
          0,
          null,
          null,
          0,
          0,
          null,
          null
        ]
      },
      "/Users/k1low/src/github.com/k1LoW/awspec/lib/awspec/matcher/have_subscription_filter.rb": {
        "lines": [
          1,
          0,
          0,
          null,
          null,
          0,
          0,
          null,
          null
        ]
      },
      "/Users/k1low/src/github.com/k1LoW/awspec/lib/awspec/matcher/have_attribute_definition.rb": {
        "lines": [
          1,
          0,
          0,
          null,
          null,
          0,
          0,
          null,
          null
        ]
      },
      "/Users/k1low/src/github.com/k1LoW/awspec/lib/awspec/matcher/have_key_schema.rb": {
        "lines": [
          1,
          0,
          0,
          null,
          null,
          0,
          0,
          null,
          null
        ]
      },
      "/Users/k1low/src/github.com/k1LoW/awspec/lib/awspec/matcher/belong_to_domain.rb": {
        "lines": [
          1,
          0,
          0,
          null,
          null
        ]
      },
      "/Users/k1low/src/github.com/k1LoW/awspec/lib/awspec/matcher/belong_to_alb.rb": {
        "lines": [
          1,
          0,
          0,
          0,
          0,
          0,
          null,
          null
        ]
      },
      "/Users/k1low/src/github.com/k1LoW/awspec/lib/awspec/matcher/belong_to_nlb.rb": {
        "lines": [
          1,
          0,
          0,
          0,
          0,
          0,
          null,
          null
        ]
      },
      "/Users/k1low/src/github.com/k1LoW/awspec/lib/awspec/matcher/be_connected_to_vpc.rb": {
        "lines": [
          1,
          0,
          0,
          null,
          null,
          0,
          0,
          null,
          null,
          0,
          0,
          null,
          null
        ]
      },
      "/Users/k1low/src/github.com/k1LoW/awspec/lib/awspec/matcher/have_vpc_peering_connection.rb": {
        "lines": [
          1,
          0,
          0,
          null,
          null,
          0,
          0,
          null,
          null,
          0,
          0,
          null,
          null
        ]
      },
      "/Users/k1low/src/github.com/k1LoW/awspec/lib/awspec/matcher/include_subscribed.rb": {
        "lines": [
          1,
          0,
          0,
          null,
          null
        ]
      },
      "/Users/k1low/src/github.com/k1LoW/awspec/lib/awspec/matcher/have_subscription_attributes.rb": {
        "lines": [
          1,
          0,
          0,
          0,
          null,
          0,
          0,
          0,
          0,
          0,
          null,
          null,
          0,
          0,
          null,
          null
        ]
      },
      "/Users/k1low/src/github.com/k1LoW/awspec/lib/awspec/matcher/belong_to_cluster_subnet_group.rb": {
        "lines": [
          1,
          0,
          0,
          null,
          null
        ]
      },
      "/Users/k1low/src/github.com/k1LoW/awspec/lib/awspec/matcher/have_cluster_parameter_group.rb": {
        "lines": [
          1,
          0,
          0,
          null,
          null,
          0,
          0,
          null,
          null
        ]
      },
      "/Users/k1low/src/github.com/k1LoW/awspec/lib/awspec/matcher/have_env_vars.rb": {
        "lines": [
          1,
          0,
          0,
          null,
          null
        ]
      },
      "/Users/k1low/src/github.com/k1LoW/awspec/lib/awspec/matcher/have_env_var.rb": {
        "lines": [
          1,
          0,
          0,
          null,
          null,
          0,
          0,
          null,
          null
        ]
      },
      "/Users/k1low/src/github.com/k1LoW/awspec/lib/awspec/matcher/have_env_var_value.rb": {
        "lines": [
          1,
          0,
          0,
          0,
          null,
          0,
          null,
          null,
          null,
          0,
          0,
          null,
          null,
          0,
          0,
          0,
          null,
          null
        ]
      },
      "/Users/k1low/src/github.com/k1LoW/awspec/lib/awspec/helper.rb": {
        "lines": [
          1,
          1,
          1,
          1,
          1,
          1,
          1,
          null
        ]
      },
      "/Users/k1low/src/github.com/k1LoW/awspec/lib/awspec/helper/color.rb": {
        "lines": [
          1,
          null,
          1,
          1,
          null
        ]
      },
      "/Users/k1low/src/github.com/k1LoW/awspec/lib/awspec/helper/type.rb": {
        "lines": [
          1,
          1,
          1,
          1,
          1,
          1,
          1,
          1,
          null,
          null,
          1,
          null,
          null,
          null,
          null,
          null,
          null,
          null,
          null,
          null,
          null,
          null,
          null,
          null,
          null,
          null,
          1,
          null,
          null,
          1,
          81,
          81,
          1,
          0,
          null,
          1,
          1,
          null,
          null,
          null,
          1,
          4,
          4,
          0,
          null,
          0,
          null,
          0,
          null,
          null,
          null,
          1,
          0,
          null,
          null,
          1,
          0,
          null,
          null,
          1,
          2,
          0,
          0,
          0,
          null,
          null,
          null,
          1,
          1,
          null,
          null,
          null
        ]
      },
      "/Users/k1low/src/github.com/k1LoW/awspec/lib/awspec/type/base.rb": {
        "lines": [
          1,
          1,
          1,
          1,
          null,
          1,
          1,
          1,
          1,
          1,
          null,
          1,
          0,
          null,
          null,
          1,
          1,
          1,
          null,
          null,
          1,
          0,
          null,
          null,
          1,
          0,
          null,
          null,
          1,
          20,
          null,
          0,
          null,
          0,
          null,
          0,
          0,
          null,
          null,
          null,
          1,
          0,
          0,
          null,
          0,
          0,
          0,
          0,
          null,
          0,
          0,
          null,
          null,
          null,
          1,
          null,
          1,
          null,
          1,
          0,
          null,
          null,
          null
        ]
      },
      "/Users/k1low/src/github.com/k1LoW/awspec/lib/awspec/resource_reader.rb": {
        "lines": [
          1,
          1,
          1,
          null,
          null,
          1,
          0,
          0,
          0,
          null,
          0,
          0,
          0,
          null,
          0,
          null,
          null,
          null,
          1,
          null,
          1,
          null,
          null,
          null,
          null,
          null,
          null,
          null,
          null,
          null,
          1,
          0,
          null,
          null,
          1,
          null,
          1,
          0,
          null,
          null,
          null,
          1,
          1,
          null,
          1,
          0,
          null,
          null,
          null,
          1,
          0,
          null,
          null,
          1,
          0,
          null,
          null,
          null
        ]
      },
      "/Users/k1low/src/github.com/k1LoW/awspec/lib/awspec/helper/finder.rb": {
        "lines": [
          1,
          1,
          1,
          1,
          1,
          1,
          1,
          1,
          1,
          1,
          1,
          1,
          1,
          1,
          1,
          1,
          1,
          1,
          1,
          1,
          1,
          1,
          1,
          1,
          1,
          1,
          1,
          1,
          1,
          1,
          1,
          1,
          1,
          1,
          1,
          1,
          1,
          1,
          1,
          1,
          1,
          1,
          1,
          1,
          1,
          1,
          1,
          1,
          1,
          1,
          1,
          1,
          1,
          null,
          1,
          null,
          1,
          null,
          1,
          1,
          1,
          1,
          1,
          1,
          1,
          1,
          1,
          1,
          1,
          1,
          1,
          1,
          1,
          1,
          1,
          1,
          1,
          1,
          1,
          1,
          1,
          1,
          1,
          1,
          1,
          1,
          1,
          1,
          1,
          1,
          1,
          1,
          1,
          1,
          1,
          1,
          1,
          1,
          1,
          1,
          1,
          1,
          1,
          1,
          1,
          1,
          1,
          1,
          1,
          1,
          1,
          1,
          1,
          null,
          null,
          1,
          null,
          null,
          null,
          null,
          null,
          null,
          null,
          null,
          null,
          null,
          null,
          null,
          null,
          null,
          null,
          null,
          null,
          null,
          null,
          null,
          null,
          null,
          null,
          null,
          null,
          null,
          null,
          null,
          null,
          null,
          null,
          null,
          null,
          null,
          null,
          null,
          null,
          null,
          null,
          null,
          null,
          null,
          null,
          null,
          null,
          null,
          null,
          null,
          1,
          null,
          null,
          null,
          1,
          46,
          0,
          0,
          null,
          null,
          null,
          null,
          null,
          null,
          null,
          null
        ]
      },
      "/Users/k1low/src/github.com/k1LoW/awspec/lib/awspec/helper/finder/nlb.rb": {
        "lines": [
          1,
          1,
          1,
          1,
          0,
          0,
          0,
          null,
          null,
          0,
          null,
          null,
          1,
          0,
          0,
          0,
          null,
          null,
          null,
          1,
          0,
          0,
          null,
          0,
          null,
          null,
          1,
          0,
          0,
          0,
          0,
          0,
          0,
          null,
          0,
          null,
          null,
          1,
          0,
          0,
          0,
          null,
          0,
          0,
          null,
          0,
          null,
          null,
          null,
          0,
          null,
          0,
          null,
          null,
          null,
          1,
          0,
          0,
          0,
          0,
          0,
          0,
          null,
          0,
          null,
          null,
          null,
          null
        ]
      },
      "/Users/k1low/src/github.com/k1LoW/awspec/lib/awspec/helper/finder/alb.rb": {
        "lines": [
          1,
          1,
          1,
          1,
          0,
          0,
          0,
          null,
          null,
          0,
          null,
          null,
          1,
          0,
          0,
          0,
          null,
          null,
          null,
          1,
          0,
          0,
          null,
          0,
          null,
          null,
          1,
          0,
          0,
          0,
          0,
          0,
          0,
          null,
          0,
          null,
          null,
          1,
          0,
          0,
          0,
          null,
          null,
          0,
          null,
          null,
          1,
          0,
          0,
          0,
          0,
          0,
          0,
          null,
          0,
          null,
          null,
          1,
          0,
          0,
          0,
          null,
          null,
          0,
          null,
          null,
          null,
          null
        ]
      },
      "/Users/k1low/src/github.com/k1LoW/awspec/lib/awspec/helper/finder/vpc.rb": {
        "lines": [
          1,
          1,
          1,
          1,
          0,
          null,
          null,
          0,
          0,
          0,
          null,
          null,
          0,
          null,
          null,
          1,
          0,
          null,
          null,
          0,
          0,
          0,
          null,
          null,
          0,
          null,
          null,
          1,
          0,
          null,
          null,
          0,
          0,
          0,
          null,
          null,
          0,
          null,
          null,
          1,
          0,
          null,
          null,
          0,
          null,
          null,
          1,
          0,
          null,
          null,
          0,
          null,
          null,
          1,
          0,
          null,
          null,
          null,
          null,
          null,
          null,
          null,
          0,
          0,
          0,
          null,
          null,
          null,
          null,
          null,
          null,
          null,
          0,
          null,
          null,
          1,
          0,
          0,
          0,
          0,
          null,
          0,
          0,
          null,
          null,
          null,
          1,
          0,
          0,
          null,
          0,
          null,
          0,
          null,
          null,
          null,
          1,
          0,
          null,
          0,
          null,
          0,
          0,
          0,
          null,
          0,
          null,
          0,
          null,
          null,
          0,
          null,
          null,
          null,
          null
        ]
      },
      "/Users/k1low/src/github.com/k1LoW/awspec/lib/awspec/helper/finder/vpc_endpoints.rb": {
        "lines": [
          1,
          1,
          1,
          1,
          0,
          null,
          0,
          0,
          null,
          null,
          0,
          null,
          null,
          null,
          null
        ]
      },
      "/Users/k1low/src/github.com/k1LoW/awspec/lib/awspec/helper/finder/subnet.rb": {
        "lines": [
          1,
          1,
          1,
          1,
          0,
          null,
          null,
          0,
          0,
          0,
          null,
          null,
          0,
          0,
          0,
          null,
          null,
          0,
          null,
          null,
          1,
          0,
          null,
          null,
          0,
          null,
          null,
          null,
          null
        ]
      },
      "/Users/k1low/src/github.com/k1LoW/awspec/lib/awspec/helper/finder/ec2.rb": {
        "lines": [
          1,
          1,
          1,
          1,
          null,
          null,
          0,
          null,
          null,
          null,
          null,
          null,
          0,
          null,
          null,
          null,
          null,
          0,
          0,
          0,
          0,
          null,
          null,
          null,
          1,
          0,
          null,
          null,
          null,
          null,
          1,
          0,
          null,
          null,
          0,
          null,
          null,
          1,
          0,
          null,
          null,
          0,
          null,
          null,
          null,
          1,
          1,
          4,
          0,
          0,
          0,
          null,
          null,
          null,
          0,
          0,
          0,
          null,
          null,
          null,
          0,
          null,
          null,
          null,
          1,
          0,
          null,
          null,
          null,
          null,
          null,
          null,
          null,
          0,
          0,
          0,
          null,
          null,
          null,
          null,
          null,
          null,
          null,
          0,
          null,
          null,
          1,
          null,
          null,
          0,
          null,
          null,
          null,
          0,
          null,
          null,
          null,
          0,
          0,
          0,
          0,
          null,
          null,
          null,
          1,
          0,
          null,
          null,
          null,
          null,
          null,
          null,
          null,
          0,
          0,
          0,
          null,
          null,
          0,
          null,
          null,
          1,
          0,
          null,
          null,
          0,
          0,
          0,
          0,
          null,
          null,
          0,
          null,
          null,
          1,
          0,
          null,
          null,
          0,
          null,
          null,
          1,
          0,
          null,
          null,
          0,
          null,
          null,
          1,
          0,
          null,
          null,
          0,
          null,
          null,
          1,
          0,
          null,
          null,
          0,
          null,
          null,
          1,
          0,
          null,
          null,
          0,
          null,
          null,
          1,
          0,
          null,
          null,
          0,
          null,
          null,
          1,
          null,
          null,
          0,
          null,
          null,
          null,
          0,
          null,
          null,
          null,
          0,
          null,
          null,
          1,
          null,
          0,
          null,
          null,
          null,
          0,
          null,
          null,
          null,
          null,
          1,
          0,
          null,
          null,
          null,
          null,
          0,
          null,
          null,
          null,
          null
        ]
      },
      "/Users/k1low/src/github.com/k1LoW/awspec/lib/awspec/helper/finder/ecr.rb": {
        "lines": [
          1,
          1,
          1,
          1,
          0,
          0,
          null,
          null,
          1,
          0,
          null,
          null,
          null,
          null
        ]
      },
      "/Users/k1low/src/github.com/k1LoW/awspec/lib/awspec/helper/finder/ecs.rb": {
        "lines": [
          1,
          1,
          1,
          1,
          0,
          0,
          null,
          null,
          1,
          0,
          0,
          null,
          null,
          1,
          0,
          0,
          null,
          null,
          1,
          0,
          0,
          null,
          null,
          1,
          0,
          0,
          0,
          0,
          0,
          0,
          0,
          null,
          0,
          null,
          null,
          null,
          1,
          0,
          0,
          null,
          null,
          1,
          null,
          null,
          null
        ]
      },
      "/Users/k1low/src/github.com/k1LoW/awspec/lib/awspec/helper/finder/efs.rb": {
        "lines": [
          1,
          1,
          1,
          1,
          null,
          0,
          null,
          null,
          null,
          null,
          null,
          0,
          0,
          null,
          null,
          null,
          null,
          0,
          null,
          null,
          1,
          null,
          0,
          null,
          null,
          0,
          0,
          null,
          null,
          null,
          0,
          0,
          null,
          null,
          1,
          null,
          0,
          0,
          0,
          null,
          null,
          0,
          0,
          null,
          0,
          null,
          null,
          1,
          0,
          null,
          null,
          0,
          0,
          null,
          null,
          1,
          0,
          0,
          0,
          null,
          null,
          null,
          null
        ]
      },
      "/Users/k1low/src/github.com/k1LoW/awspec/lib/awspec/helper/finder/security_group.rb": {
        "lines": [
          1,
          1,
          1,
          1,
          0,
          0,
          null,
          0,
          0,
          null,
          0,
          null,
          null,
          1,
          0,
          null,
          null,
          1,
          0,
          null,
          null,
          1,
          0,
          null,
          null,
          1,
          0,
          null,
          null,
          1,
          0,
          null,
          null,
          null,
          null
        ]
      },
      "/Users/k1low/src/github.com/k1LoW/awspec/lib/awspec/helper/finder/rds.rb": {
        "lines": [
          1,
          1,
          1,
          1,
          null,
          0,
          null,
          null,
          null,
          0,
          null,
          null,
          null,
          0,
          null,
          null,
          1,
          0,
          0,
          0,
          null,
          null,
          null,
          1,
          0,
          0,
          null,
          null,
          0,
          0,
          0,
          null,
          0,
          0,
          null,
          null,
          null,
          null,
          0,
          null,
          null,
          1,
          0,
          0,
          0,
          0,
          null,
          null,
          null,
          0,
          0,
          null,
          0,
          null,
          0,
          null,
          null,
          null,
          null
        ]
      },
      "/Users/k1low/src/github.com/k1LoW/awspec/lib/awspec/helper/finder/route53.rb": {
        "lines": [
          1,
          1,
          1,
          1,
          0,
          0,
          0,
          0,
          0,
          0,
          null,
          null,
          null,
          0,
          0,
          null,
          null,
          null,
          0,
          null,
          null,
          1,
          0,
          0,
          null,
          null,
          0,
          0,
          0,
          null,
          0,
          null,
          null,
          null,
          null,
          null,
          0,
          null,
          null,
          null,
          null
        ]
      },
      "/Users/k1low/src/github.com/k1LoW/awspec/lib/awspec/helper/finder/s3.rb": {
        "lines": [
          1,
          1,
          1,
          1,
          0,
          0,
          null,
          null,
          null,
          1,
          0,
          null,
          0,
          null,
          null,
          1,
          0,
          null,
          null,
          null,
          0,
          null,
          0,
          null,
          null,
          1,
          0,
          null,
          0,
          null,
          null,
          1,
          0,
          null,
          0,
          null,
          null,
          1,
          0,
          0,
          null,
          0,
          null,
          null,
          1,
          0,
          null,
          0,
          null,
          null,
          1,
          0,
          null,
          0,
          0,
          0,
          null,
          0,
          null,
          0,
          null,
          null,
          1,
          0,
          null,
          0,
          null,
          null,
          1,
          0,
          null,
          0,
          null,
          null,
          1,
          0,
          0,
          null,
          0,
          null,
          null,
          1,
          0,
          null,
          null,
          null,
          null
        ]
      },
      "/Users/k1low/src/github.com/k1LoW/awspec/lib/awspec/helper/finder/autoscaling.rb": {
        "lines": [
          1,
          1,
          1,
          1,
          0,
          null,
          null,
          0,
          null,
          null,
          1,
          0,
          null,
          null,
          0,
          null,
          null,
          1,
          0,
          null,
          null,
          0,
          null,
          null,
          1,
          0,
          null,
          null,
          0,
          null,
          null,
          1,
          0,
          0,
          0,
          null,
          0,
          null,
          null,
          1,
          0,
          0,
          0,
          0,
          0,
          0,
          0,
          0,
          0,
          0,
          null,
          null,
          0,
          0,
          null,
          0,
          null,
          null,
          null,
          null
        ]
      },
      "/Users/k1low/src/github.com/k1LoW/awspec/lib/awspec/helper/finder/ebs.rb": {
        "lines": [
          1,
          1,
          1,
          1,
          0,
          null,
          null,
          0,
          0,
          0,
          null,
          null,
          0,
          null,
          null,
          1,
          0,
          0,
          0,
          0,
          0,
          0,
          null,
          0,
          null,
          null,
          1,
          0,
          0,
          null,
          0,
          0,
          0,
          0,
          null,
          null,
          null,
          null,
          0,
          null,
          null,
          null,
          null
        ]
      },
      "/Users/k1low/src/github.com/k1LoW/awspec/lib/awspec/helper/finder/elb.rb": {
        "lines": [
          1,
          1,
          1,
          1,
          0,
          null,
          null,
          0,
          null,
          0,
          null,
          null,
          1,
          0,
          null,
          null,
          0,
          null,
          0,
          null,
          null,
          1,
          0,
          0,
          0,
          null,
          null,
          null,
          1,
          0,
          null,
          null,
          0,
          null,
          null,
          null,
          null
        ]
      },
      "/Users/k1low/src/github.com/k1LoW/awspec/lib/awspec/helper/finder/firehose.rb": {
        "lines": [
          1,
          1,
          1,
          1,
          0,
          null,
          null,
          null,
          null,
          null,
          null,
          null,
          null
        ]
      },
      "/Users/k1low/src/github.com/k1LoW/awspec/lib/awspec/helper/finder/lambda.rb": {
        "lines": [
          1,
          1,
          1,
          1,
          0,
          0,
          null,
          0,
          0,
          0,
          null,
          0,
          0,
          null,
          null,
          null,
          null,
          0,
          null,
          null,
          1,
          0,
          null,
          null,
          0,
          null,
          null,
          1,
          0,
          0,
          null,
          null,
          null,
          null,
          null
        ]
      },
      "/Users/k1low/src/github.com/k1LoW/awspec/lib/awspec/helper/finder/iam.rb": {
        "lines": [
          1,
          1,
          1,
          null,
          1,
          1,
          4,
          0,
          0,
          0,
          0,
          0,
          0,
          null,
          null,
          0,
          0,
          null,
          null,
          null,
          null,
          null,
          0,
          null,
          null,
          null,
          1,
          null,
          0,
          null,
          null,
          0,
          0,
          null,
          0,
          0,
          null,
          null,
          1,
          0,
          null,
          null,
          0,
          null,
          null,
          1,
          3,
          0,
          null,
          0,
          null,
          0,
          null,
          null,
          3,
          0,
          null,
          0,
          null,
          0,
          null,
          null,
          null,
          1,
          0,
          0,
          null,
          0,
          0,
          0,
          0,
          null,
          null,
          null,
          null,
          0,
          null,
          null,
          1,
          0,
          0,
          null,
          null,
          1,
          0,
          0,
          null,
          null,
          1,
          0,
          0,
          null,
          null,
          1,
          0,
          0,
          null,
          null,
          1,
          0,
          0,
          null,
          null,
          null,
          1,
          0,
          0,
          null,
          null,
          null,
          1,
          0,
          0,
          null,
          null,
          null,
          null,
          null
        ]
      },
      "/Users/k1low/src/github.com/k1LoW/awspec/lib/awspec/helper/finder/kms.rb": {
        "lines": [
          1,
          1,
          1,
          1,
          0,
          null,
          0,
          null,
          null,
          1,
          0,
          0,
          0,
          null,
          0,
          0,
          0,
          0,
          null,
          null,
          0,
          null,
          null,
          1,
          0,
          0,
          null,
          0,
          0,
          0,
          0,
          null,
          null,
          0,
          null,
          null,
          null,
          null
        ]
      },
      "/Users/k1low/src/github.com/k1LoW/awspec/lib/awspec/helper/finder/elasticache.rb": {
        "lines": [
          1,
          1,
          1,
          1,
          0,
          null,
          null,
          0,
          null,
          0,
          null,
          null,
          1,
          0,
          null,
          null,
          0,
          null,
          null,
          null,
          null
        ]
      },
      "/Users/k1low/src/github.com/k1LoW/awspec/lib/awspec/helper/finder/elasticsearch.rb": {
        "lines": [
          1,
          1,
          1,
          1,
          0,
          0,
          null,
          0,
          null,
          null,
          1,
          0,
          0,
          0,
          null,
          null,
          null,
          null,
          null
        ]
      },
      "/Users/k1low/src/github.com/k1LoW/awspec/lib/awspec/helper/finder/cloudwatch.rb": {
        "lines": [
          1,
          1,
          1,
          1,
          0,
          null,
          null,
          0,
          null,
          0,
          0,
          0,
          null,
          0,
          null,
          null,
          1,
          0,
          0,
          null,
          0,
          0,
          0,
          0,
          null,
          null,
          null,
          null,
          0,
          null,
          null,
          null,
          null
        ]
      },
      "/Users/k1low/src/github.com/k1LoW/awspec/lib/awspec/helper/finder/cloudwatch_event.rb": {
        "lines": [
          1,
          1,
          1,
          1,
          0,
          0,
          null,
          null,
          null,
          1,
          0,
          null,
          null,
          null,
          null
        ]
      },
      "/Users/k1low/src/github.com/k1LoW/awspec/lib/awspec/helper/finder/ses.rb": {
        "lines": [
          1,
          1,
          1,
          1,
          0,
          0,
          0,
          null,
          0,
          null,
          null,
          null,
          null
        ]
      },
      "/Users/k1low/src/github.com/k1LoW/awspec/lib/awspec/helper/finder/directconnect.rb": {
        "lines": [
          1,
          1,
          1,
          1,
          0,
          0,
          0,
          0,
          null,
          0,
          null,
          null,
          1,
          0,
          0,
          null,
          null,
          null,
          null
        ]
      },
      "/Users/k1low/src/github.com/k1LoW/awspec/lib/awspec/helper/finder/ami.rb": {
        "lines": [
          1,
          1,
          1,
          1,
          0,
          null,
          null,
          0,
          0,
          0,
          null,
          null,
          0,
          0,
          0,
          null,
          null,
          0,
          null,
          null,
          null,
          null
        ]
      },
      "/Users/k1low/src/github.com/k1LoW/awspec/lib/awspec/helper/finder/cloudfront.rb": {
        "lines": [
          1,
          1,
          1,
          1,
          0,
          0,
          0,
          0,
          0,
          null,
          0,
          0,
          null,
          null,
          null,
          null,
          0,
          null,
          null,
          null,
          null
        ]
      },
      "/Users/k1low/src/github.com/k1LoW/awspec/lib/awspec/helper/finder/elastictranscoder.rb": {
        "lines": [
          1,
          1,
          1,
          1,
          0,
          0,
          0,
          0,
          0,
          null,
          0,
          0,
          null,
          null,
          null,
          null,
          0,
          null,
          null,
          null,
          null
        ]
      },
      "/Users/k1low/src/github.com/k1LoW/awspec/lib/awspec/helper/finder/cloudtrail.rb": {
        "lines": [
          1,
          1,
          1,
          1,
          0,
          null,
          null,
          1,
          0,
          0,
          null,
          null,
          null,
          1,
          0,
          null,
          null,
          1,
          0,
          null,
          null,
          null,
          null,
          1,
          0,
          null,
          null,
          null,
          null
        ]
      },
      "/Users/k1low/src/github.com/k1LoW/awspec/lib/awspec/helper/finder/waf.rb": {
        "lines": [
          1,
          1,
          1,
          1,
          0,
          0,
          null,
          0,
          0,
          0,
          0,
          null,
          0,
          null,
          null,
          0,
          0,
          null,
          null,
          1,
          0,
          0,
          null,
          0,
          0,
          0,
          0,
          null,
          0,
          null,
          null,
          0,
          0,
          null,
          null,
          1,
          0,
          0,
          null,
          0,
          0,
          0,
          0,
          null,
          0,
          null,
          null,
          0,
          0,
          null,
          null,
          null,
          null
        ]
      },
      "/Users/k1low/src/github.com/k1LoW/awspec/lib/awspec/helper/finder/wafregional.rb": {
        "lines": [
          1,
          1,
          1,
          1,
          0,
          0,
          null,
          0,
          0,
          0,
          0,
          null,
          0,
          null,
          null,
          0,
          0,
          null,
          null,
          1,
          0,
          0,
          null,
          0,
          0,
          0,
          0,
          null,
          0,
          null,
          null,
          0,
          0,
          null,
          null,
          1,
          0,
          0,
          null,
          0,
          0,
          0,
          0,
          null,
          0,
          null,
          null,
          0,
          0,
          null,
          null,
          null,
          null
        ]
      },
      "/Users/k1low/src/github.com/k1LoW/awspec/lib/awspec/helper/finder/acm.rb": {
        "lines": [
          1,
          1,
          1,
          1,
          0,
          0,
          0,
          0,
          0,
          0,
          null,
          0,
          0,
          null,
          null,
          0,
          0,
          null,
          null,
          1,
          0,
          0,
          0,
          0,
          0,
          0,
          null,
          0,
          0,
          null,
          null,
          0,
          0,
          0,
          null,
          0,
          null,
          null,
          null,
          null
        ]
      },
      "/Users/k1low/src/github.com/k1LoW/awspec/lib/awspec/helper/finder/cloudwatch_logs.rb": {
        "lines": [
          1,
          1,
          1,
          1,
          0,
          null,
          null,
          0,
          null,
          null,
          null,
          1,
          0,
          null,
          null,
          1,
          null,
          0,
          null,
          null,
          0,
          0,
          0,
          0,
          0,
          0,
          0,
          null,
          null,
          0,
          0,
          0,
          null,
          0,
          null,
          null,
          1,
          0,
          null,
          null,
          null,
          0,
          null,
          null,
          null,
          1,
          0,
          null,
          null,
          null,
          0,
          null,
          null,
          null,
          1,
          0,
          0,
          0,
          0,
          0,
          0,
          0,
          null,
          0,
          null,
          null,
          1,
          0,
          null,
          null,
          1,
          1,
          2,
          0,
          0,
          0,
          0,
          0,
          0,
          null,
          0,
          null,
          0,
          null,
          0,
          0,
          null,
          0,
          null,
          null,
          null,
          null,
          null
        ]
      },
      "/Users/k1low/src/github.com/k1LoW/awspec/lib/awspec/helper/finder/dynamodb.rb": {
        "lines": [
          1,
          1,
          1,
          1,
          0,
          0,
          null,
          null,
          null,
          null
        ]
      },
      "/Users/k1low/src/github.com/k1LoW/awspec/lib/awspec/helper/finder/sqs.rb": {
        "lines": [
          1,
          1,
          1,
          1,
          0,
          0,
          null,
          0,
          null,
          null,
          1,
          0,
          0,
          null,
          null,
          null,
          null
        ]
      },
      "/Users/k1low/src/github.com/k1LoW/awspec/lib/awspec/helper/finder/cloudformation.rb": {
        "lines": [
          1,
          1,
          1,
          1,
          0,
          null,
          null,
          0,
          null,
          null,
          null,
          null
        ]
      },
      "/Users/k1low/src/github.com/k1LoW/awspec/lib/awspec/helper/finder/ssm_parameter.rb": {
        "lines": [
          1,
          1,
          1,
          1,
          0,
          null,
          null,
          null,
          null,
          null,
          null,
          null,
          null,
          null,
          null,
          1,
          0,
          null,
          0,
          null,
          null,
          null,
          0,
          0,
          null,
          0,
          null,
          0,
          null,
          null,
          null,
          null
        ]
      },
      "/Users/k1low/src/github.com/k1LoW/awspec/lib/awspec/helper/finder/codebuild.rb": {
        "lines": [
          1,
          1,
          1,
          1,
          0,
          0,
          null,
          0,
          null,
          null,
          1,
          0,
          0,
          0,
          0,
          0,
          0,
          0,
          null,
          0,
          null,
          null,
          null,
          null
        ]
      },
      "/Users/k1low/src/github.com/k1LoW/awspec/lib/awspec/helper/finder/apigateway.rb": {
        "lines": [
          1,
          1,
          1,
          1,
          0,
          0,
          0,
          null,
          0,
          0,
          null,
          null,
          null,
          null,
          1,
          0,
          0,
          0,
          null,
          0,
          0,
          null,
          null,
          null,
          null,
          1,
          0,
          0,
          0,
          null,
          0,
          null,
          null,
          null,
          null
        ]
      },
      "/Users/k1low/src/github.com/k1LoW/awspec/lib/awspec/helper/finder/kinesis.rb": {
        "lines": [
          1,
          1,
          1,
          1,
          0,
          0,
          0,
          null,
          null,
          null,
          null,
          null,
          null,
          null
        ]
      },
      "/Users/k1low/src/github.com/k1LoW/awspec/lib/awspec/helper/finder/batch.rb": {
        "lines": [
          1,
          1,
          1,
          1,
          0,
          0,
          null,
          null,
          1,
          0,
          0,
          null,
          null,
          1,
          0,
          0,
          null,
          null,
          null,
          null
        ]
      },
      "/Users/k1low/src/github.com/k1LoW/awspec/lib/awspec/helper/finder/eks.rb": {
        "lines": [
          1,
          1,
          1,
          1,
          0,
          0,
          null,
          null,
          null,
          null
        ]
      },
      "/Users/k1low/src/github.com/k1LoW/awspec/lib/awspec/helper/finder/sns_topic.rb": {
        "lines": [
          1,
          1,
          1,
          1,
          null,
          null,
          1,
          null,
          null,
          1,
          0,
          0,
          0,
          0,
          0,
          0,
          0,
          0,
          0,
          null,
          null,
          1,
          0,
          0,
          0,
          0,
          null,
          0,
          null,
          null,
          null,
          1,
          null,
          null,
          null,
          null,
          null,
          null,
          null,
          null,
          null,
          null,
          null,
          null,
          null,
          0,
          0,
          null,
          0,
          null,
          null,
          0,
          null,
          null,
          1,
          null,
          null,
          null,
          null,
          null,
          null,
          null,
          null,
          null,
          null,
          null,
          null,
          null,
          0,
          0,
          0,
          0,
          null,
          null,
          0,
          null,
          null,
          0,
          null,
          null,
          null,
          null
        ]
      },
      "/Users/k1low/src/github.com/k1LoW/awspec/lib/awspec/helper/finder/emr.rb": {
        "lines": [
          1,
          1,
          1,
          1,
          0,
          null,
          null,
          null,
          null
        ]
      },
      "/Users/k1low/src/github.com/k1LoW/awspec/lib/awspec/helper/finder/redshift.rb": {
        "lines": [
          1,
          1,
          1,
          1,
          0,
          0,
          null,
          0,
          null,
          null,
          1,
          0,
          0,
          0,
          null,
          null,
          null,
          1,
          0,
          0,
          null,
          null,
          0,
          0,
          0,
          null,
          0,
          0,
          null,
          null,
          null,
          null,
          0,
          null,
          null,
          null,
          null
        ]
      },
      "/Users/k1low/src/github.com/k1LoW/awspec/lib/awspec/helper/finder/codedeploy.rb": {
        "lines": [
          1,
          1,
          1,
          1,
          0,
          0,
          null,
          null,
          1,
          0,
          0,
          null,
          null,
          null,
          null
        ]
      },
      "/Users/k1low/src/github.com/k1LoW/awspec/lib/awspec/helper/finder/mq.rb": {
        "lines": [
          1,
          1,
          1,
          1,
          0,
          null,
          0,
          null,
          null,
          null,
          null
        ]
      },
      "/Users/k1low/src/github.com/k1LoW/awspec/lib/awspec/helper/finder/secretsmanager.rb": {
        "lines": [
          1,
          1,
          1,
          1,
          0,
          null,
          null,
          null,
          null,
          null,
          null
        ]
      },
      "/Users/k1low/src/github.com/k1LoW/awspec/lib/awspec/helper/finder/cognito_user_pool.rb": {
        "lines": [
          1,
          1,
          1,
          1,
          0,
          0,
          0,
          0,
          null,
          null,
          null,
          null,
          null,
          null,
          null
        ]
      },
      "/Users/k1low/src/github.com/k1LoW/awspec/lib/awspec/helper/finder/msk.rb": {
        "lines": [
          1,
          1,
          1,
          1,
          0,
          null,
          null,
          null,
          null,
          null,
          0,
          null,
          null,
          null,
          null
        ]
      },
      "/Users/k1low/src/github.com/k1LoW/awspec/lib/awspec/helper/finder/cognito_identity_pool.rb": {
        "lines": [
          1,
          1,
          1,
          1,
          0,
          0,
          0,
          0,
          null,
          null,
          null,
          null,
          null,
          null,
          null
        ]
      },
      "/Users/k1low/src/github.com/k1LoW/awspec/lib/awspec/helper/finder/account_attributes.rb": {
        "lines": [
          1,
          1,
          1,
          1,
          0,
          0,
          0,
          0,
          null,
          0,
          null,
          0,
          null,
          0,
          0,
          0,
          null,
          0,
          null,
          null,
          null,
          0,
          null,
          null,
          1,
          0,
          0,
          null,
          0,
          null,
          null,
          0,
          null,
          0,
          null,
          null,
          1,
          0,
          0,
          0,
          0,
          null,
          0,
          0,
          0,
          null,
          0,
          null,
          null,
          0,
          null,
          null,
          1,
          0,
          null,
          null,
          0,
          null,
          null,
          null,
          null
        ]
      },
      "/Users/k1low/src/github.com/k1LoW/awspec/lib/awspec/helper/client_wrap.rb": {
        "lines": [
          1,
          null,
          1,
          1,
          1,
          1,
          0,
          0,
          0,
          0,
          0,
          0,
          0,
          0,
          null,
          null,
          0,
          0,
          null,
          null,
          1,
          null,
          null,
          null,
          null,
          null,
          null,
          1,
          null,
          0,
          null,
          0,
          null,
          0,
          0,
          0,
          0,
          null,
          null,
          0,
          null,
          0,
          null,
          null,
          1,
          0,
          0,
          null,
          null,
          null
        ]
      },
      "/Users/k1low/src/github.com/k1LoW/awspec/lib/awspec/type/resource_base.rb": {
        "lines": [
          1,
          1,
          1,
          null,
          1,
          1,
          1,
          null,
          null,
          1,
          0,
          null,
          null,
          1,
          0,
          null,
          null,
          1,
          23,
          0,
          null,
          null,
          null,
          null
        ]
      },
      "/Users/k1low/src/github.com/k1LoW/awspec/lib/awspec/type/account_attribute_base.rb": {
        "lines": [
          1,
          1,
          null,
          null
        ]
      },
      "/Users/k1low/src/github.com/k1LoW/awspec/lib/awspec/type/account.rb": {
        "lines": [
          1,
          1,
          1,
          null,
          null,
          null,
          1,
          0,
          0,
          0,
          0,
          null,
          0,
          null,
          0,
          null,
          0,
          null,
          null,
          1,
          0,
          null,
          null,
          1,
          0,
          null,
          null,
          1,
          0,
          null,
          null,
          1,
          0,
          0,
          0,
          0,
          null,
          null,
          null
        ]
      },
      "/Users/k1low/src/github.com/k1LoW/awspec/lib/awspec/type/account_attribute.rb": {
        "lines": [
          1,
          1,
          1,
          0,
          null,
          null,
          1,
          0,
          0,
          0,
          0,
          0,
          null,
          0,
          null,
          0,
          null,
          0,
          null,
          null,
          1,
          0,
          0,
          0,
          0,
          null,
          null,
          null
        ]
      },
      "/Users/k1low/src/github.com/k1LoW/awspec/lib/awspec/type/alb.rb": {
        "lines": [
          1,
          1,
          1,
          1,
          0,
          null,
          null,
          1,
          0,
          null,
          null,
          null,
          1,
          null,
          null,
          1,
          3,
          0,
          0,
          null,
          null,
          null,
          1,
          0,
          0,
          0,
          0,
          null,
          0,
          0,
          0,
          0,
          null,
          null,
          1,
          0,
          0,
          0,
          0,
          null,
          0,
          0,
          0,
          null,
          null,
          1,
          0,
          0,
          0,
          0,
          null,
          null,
          null,
          null
        ]
      },
      "/Users/k1low/src/github.com/k1LoW/awspec/lib/awspec/type/alb_listener.rb": {
        "lines": [
          1,
          1,
          1,
          0,
          null,
          null,
          1,
          0,
          null,
          null,
          1,
          0,
          0,
          0,
          0,
          0,
          0,
          0,
          0,
          0,
          0,
          0,
          0,
          null,
          null,
          0,
          0,
          0,
          0,
          0,
          0,
          null,
          0,
          null,
          0,
          null,
          0,
          null,
          0,
          null,
          null,
          null,
          null
        ]
      },
      "/Users/k1low/src/github.com/k1LoW/awspec/lib/awspec/type/alb_target_group.rb": {
        "lines": [
          1,
          1,
          1,
          0,
          null,
          null,
          1,
          0,
          null,
          null,
          1,
          0,
          0,
          0,
          null,
          null,
          0,
          0,
          null,
          null,
          null,
          null
        ]
      },
      "/Users/k1low/src/github.com/k1LoW/awspec/lib/awspec/type/ami.rb": {
        "lines": [
          1,
          1,
          1,
          1,
          null,
          1,
          0,
          null,
          null,
          1,
          0,
          null,
          null,
          null,
          1,
          null,
          null,
          null,
          1,
          7,
          0,
          null,
          null,
          null,
          null
        ]
      },
      "/Users/k1low/src/github.com/k1LoW/awspec/lib/awspec/type/apigateway.rb": {
        "lines": [
          1,
          null,
          1,
          1,
          1,
          null,
          1,
          0,
          0,
          0,
          null,
          null,
          1,
          0,
          null,
          null,
          1,
          0,
          null,
          null,
          1,
          0,
          0,
          0,
          null,
          null,
          null,
          null,
          1,
          0,
          0,
          0,
          0,
          0,
          0,
          0,
          null,
          0,
          0,
          null,
          null,
          null,
          null,
          null,
          1,
          0,
          0,
          0,
          0,
          0,
          null,
          null,
          null,
          null,
          1,
          0,
          0,
          0,
          0,
          0,
          null,
          null,
          null,
          null,
          null
        ]
      },
      "/Users/k1low/src/github.com/k1LoW/awspec/lib/awspec/type/autoscaling_group.rb": {
        "lines": [
          1,
          1,
          1,
          1,
          null,
          1,
          0,
          null,
          null,
          1,
          0,
          null,
          null,
          1,
          0,
          0,
          null,
          null,
          null,
          1,
          0,
          0,
          0,
          0,
          null,
          null,
          null,
          1,
          0,
          0,
          null,
          null,
          null,
          1,
          0,
          null,
          null,
          1,
          0,
          0,
          0,
          0,
          null,
          null,
          null,
          1,
          0,
          0,
          0,
          0,
          null,
          null,
          null,
          null
        ]
      },
      "/Users/k1low/src/github.com/k1LoW/awspec/lib/awspec/type/batch_compute_environment.rb": {
        "lines": [
          1,
          1,
          1,
          0,
          0,
          null,
          null,
          1,
          0,
          null,
          null,
          1,
          0,
          null,
          null,
          1,
          null,
          1,
          2,
          0,
          null,
          null,
          null,
          1,
          null,
          1,
          2,
          0,
          null,
          null,
          null,
          null
        ]
      },
      "/Users/k1low/src/github.com/k1LoW/awspec/lib/awspec/type/batch_job_definition.rb": {
        "lines": [
          1,
          1,
          1,
          0,
          0,
          null,
          null,
          1,
          0,
          null,
          null,
          1,
          0,
          null,
          null,
          null
        ]
      },
      "/Users/k1low/src/github.com/k1LoW/awspec/lib/awspec/type/batch_job_queue.rb": {
        "lines": [
          1,
          1,
          1,
          0,
          0,
          null,
          null,
          1,
          0,
          null,
          null,
          1,
          0,
          null,
          null,
          1,
          null,
          1,
          2,
          0,
          null,
          null,
          null,
          1,
          0,
          0,
          null,
          0,
          null,
          null,
          null
        ]
      },
      "/Users/k1low/src/github.com/k1LoW/awspec/lib/awspec/type/cloudtrail.rb": {
        "lines": [
          1,
          1,
          1,
          null,
          1,
          0,
          null,
          null,
          1,
          0,
          null,
          null,
          1,
          0,
          null,
          null,
          1,
          0,
          null,
          null,
          1,
          0,
          null,
          null,
          1,
          0,
          null,
          null,
          1,
          0,
          0,
          null,
          null,
          null,
          null
        ]
      },
      "/Users/k1low/src/github.com/k1LoW/awspec/lib/awspec/type/cloudwatch_alarm.rb": {
        "lines": [
          1,
          1,
          1,
          0,
          null,
          null,
          1,
          0,
          null,
          null,
          1,
          0,
          null,
          null,
          1,
          0,
          null,
          null,
          1,
          0,
          null,
          null,
          null
        ]
      },
      "/Users/k1low/src/github.com/k1LoW/awspec/lib/awspec/type/cloudwatch_event.rb": {
        "lines": [
          1,
          1,
          1,
          0,
          null,
          null,
          1,
          0,
          null,
          null,
          1,
          0,
          null,
          null,
          1,
          0,
          null,
          null,
          null
        ]
      },
      "/Users/k1low/src/github.com/k1LoW/awspec/lib/awspec/type/directconnect_virtual_interface.rb": {
        "lines": [
          1,
          1,
          1,
          0,
          0,
          null,
          null,
          1,
          0,
          null,
          null,
          1,
          0,
          null,
          null,
          null,
          1,
          null,
          null,
          null,
          1,
          7,
          0,
          null,
          null,
          null,
          null
        ]
      },
      "/Users/k1low/src/github.com/k1LoW/awspec/lib/awspec/type/ebs.rb": {
        "lines": [
          1,
          1,
          1,
          1,
          null,
          1,
          0,
          0,
          null,
          null,
          1,
          0,
          null,
          null,
          1,
          0,
          null,
          null,
          null,
          1,
          null,
          null,
          1,
          6,
          0,
          null,
          null,
          null,
          1,
          0,
          0,
          0,
          0,
          null,
          null,
          null,
          null
        ]
      },
      "/Users/k1low/src/github.com/k1LoW/awspec/lib/awspec/type/ec2.rb": {
        "lines": [
          1,
          1,
          1,
          1,
          null,
          1,
          0,
          0,
          null,
          null,
          1,
          0,
          null,
          null,
          1,
          0,
          null,
          null,
          1,
          0,
          null,
          null,
          null,
          1,
          null,
          null,
          null,
          1,
          6,
          0,
          null,
          null,
          null,
          1,
          0,
          0,
          null,
          null,
          1,
          null,
          0,
          null,
          0,
          0,
          0,
          0,
          null,
          null,
          1,
          0,
          null,
          0,
          0,
          0,
          0,
          null,
          null,
          1,
          0,
          0,
          0,
          null,
          0,
          0,
          0,
          0,
          0,
          null,
          null,
          null,
          1,
          0,
          0,
          0,
          null,
          null,
          1,
          0,
          0,
          0,
          0,
          null,
          0,
          0,
          0,
          0,
          null,
          null,
          null,
          1,
          0,
          0,
          0,
          0,
          0,
          null,
          null,
          null,
          1,
          0,
          0,
          0,
          null,
          null,
          null,
          1,
          0,
          0,
          0,
          null,
          null,
          1,
          null,
          0,
          null,
          0,
          0,
          0,
          null,
          null,
          1,
          null,
          0,
          null,
          0,
          0,
          0,
          0,
          0,
          0,
          null,
          0,
          null,
          null,
          1,
          0,
          0,
          null,
          null,
          1,
          null,
          1,
          0,
          null,
          null,
          1,
          0,
          null,
          null,
          1,
          0,
          null,
          null,
          null
        ]
      },
      "/Users/k1low/src/github.com/k1LoW/awspec/lib/awspec/type/ecr_repository.rb": {
        "lines": [
          1,
          1,
          1,
          null,
          1,
          0,
          0,
          null,
          null,
          1,
          0,
          null,
          null,
          1,
          0,
          null,
          null,
          1,
          0,
          null,
          null,
          null
        ]
      },
      "/Users/k1low/src/github.com/k1LoW/awspec/lib/awspec/type/ecs_cluster.rb": {
        "lines": [
          1,
          1,
          1,
          0,
          0,
          null,
          null,
          1,
          0,
          null,
          null,
          1,
          0,
          null,
          null,
          1,
          null,
          1,
          2,
          0,
          null,
          null,
          null,
          1,
          0,
          0,
          null,
          null,
          null,
          1,
          0,
          0,
          0,
          null,
          null,
          null,
          1,
          0,
          0,
          0,
          0,
          0,
          0,
          null,
          null,
          null
        ]
      },
      "/Users/k1low/src/github.com/k1LoW/awspec/lib/awspec/type/ecs_container_instance.rb": {
        "lines": [
          1,
          1,
          1,
          null,
          1,
          0,
          0,
          null,
          null,
          1,
          0,
          null,
          null,
          1,
          0,
          null,
          null,
          1,
          0,
          null,
          null,
          1,
          null,
          1,
          2,
          0,
          null,
          null,
          null,
          null
        ]
      },
      "/Users/k1low/src/github.com/k1LoW/awspec/lib/awspec/type/ecs_service.rb": {
        "lines": [
          1,
          1,
          1,
          1,
          0,
          0,
          null,
          null,
          1,
          0,
          null,
          null,
          1,
          0,
          null,
          null,
          1,
          0,
          null,
          null,
          1,
          null,
          1,
          3,
          0,
          null,
          null,
          null,
          null
        ]
      },
      "/Users/k1low/src/github.com/k1LoW/awspec/lib/awspec/type/ecs_task_definition.rb": {
        "lines": [
          1,
          1,
          1,
          0,
          0,
          null,
          null,
          1,
          0,
          null,
          null,
          1,
          0,
[...]
          null,
          0,
          0,
          null,
          null,
          null,
          null,
          null
        ]
      },
      "/Users/k1low/src/github.com/k1LoW/awspec/lib/awspec/generator/doc/type/internet_gateway.rb": {
        "lines": [
          1,
          1,
          1,
          1,
          1,
          0,
          0,
          0,
          0,
          0,
          0,
          0,
          null,
          null,
          null,
          null,
          null
        ]
      },
      "/Users/k1low/src/github.com/k1LoW/awspec/lib/awspec/generator/doc/type/acm.rb": {
        "lines": [
          1,
          1,
          1,
          1,
          1,
          0,
          0,
          0,
          0,
          null,
          0,
          null,
          0,
          0,
          null,
          null,
          null,
          null,
          null
        ]
      },
      "/Users/k1low/src/github.com/k1LoW/awspec/lib/awspec/generator/doc/type/cloudwatch_logs.rb": {
        "lines": [
          1,
          1,
          1,
          1,
          1,
          0,
          0,
          0,
          0,
          0,
          0,
          0,
          null,
          null,
          null,
          null,
          null
        ]
      },
      "/Users/k1low/src/github.com/k1LoW/awspec/lib/awspec/generator/doc/type/dynamodb_table.rb": {
        "lines": [
          1,
          1,
          1,
          1,
          1,
          0,
          0,
          0,
          0,
          null,
          0,
          null,
          0,
          0,
          null,
          null,
          null,
          null,
          null
        ]
      },
      "/Users/k1low/src/github.com/k1LoW/awspec/lib/awspec/generator/doc/type/eip.rb": {
        "lines": [
          1,
          1,
          1,
          1,
          1,
          0,
          0,
          0,
          0,
          0,
          0,
          0,
          null,
          null,
          null,
          null,
          null
        ]
      },
      "/Users/k1low/src/github.com/k1LoW/awspec/lib/awspec/generator/doc/type/sqs.rb": {
        "lines": [
          1,
          1,
          1,
          1,
          1,
          0,
          0,
          0,
          0,
          0,
          0,
          0,
          null,
          null,
          null,
          null,
          null
        ]
      },
      "/Users/k1low/src/github.com/k1LoW/awspec/lib/awspec/generator/doc/type/ssm_parameter.rb": {
        "lines": [
          1,
          1,
          1,
          1,
          1,
          0,
          0,
          0,
          0,
          0,
          0,
          0,
          null,
          null,
          null,
          null,
          null
        ]
      },
      "/Users/k1low/src/github.com/k1LoW/awspec/lib/awspec/generator/doc/type/cloudformation_stack.rb": {
        "lines": [
          1,
          1,
          1,
          1,
          1,
          0,
          0,
          0,
          0,
          0,
          0,
          0,
          null,
          null,
          null,
          null,
          null
        ]
      },
      "/Users/k1low/src/github.com/k1LoW/awspec/lib/awspec/generator/doc/type/codebuild.rb": {
        "lines": [
          1,
          1,
          1,
          1,
          1,
          0,
          0,
          0,
          0,
          0,
          0,
          0,
          null,
          null,
          null,
          null,
          null
        ]
      },
      "/Users/k1low/src/github.com/k1LoW/awspec/lib/awspec/generator/doc/type/sns_topic.rb": {
        "lines": [
          1,
          1,
          1,
          1,
          1,
          0,
          0,
          0,
          0,
          0,
          0,
          0,
          null,
          null,
          null,
          null,
          null,
          null
        ]
      },
      "/Users/k1low/src/github.com/k1LoW/awspec/lib/awspec/generator/doc/type/redshift.rb": {
        "lines": [
          1,
          1,
          1,
          1,
          1,
          0,
          0,
          0,
          0,
          null,
          0,
          null,
          null,
          null,
          0,
          0,
          null,
          null,
          null,
          null,
          null
        ]
      },
      "/Users/k1low/src/github.com/k1LoW/awspec/lib/awspec/generator/doc/type/redshift_cluster_parameter_group.rb": {
        "lines": [
          1,
          1,
          1,
          1,
          1,
          0,
          0,
          0,
          0,
          0,
          0,
          0,
          null,
          null,
          null,
          null,
          null
        ]
      },
      "/Users/k1low/src/github.com/k1LoW/awspec/lib/awspec/generator/doc/type/codedeploy.rb": {
        "lines": [
          1,
          1,
          1,
          1,
          1,
          0,
          0,
          0,
          0,
          0,
          0,
          0,
          null,
          null,
          null,
          null,
          null
        ]
      },
      "/Users/k1low/src/github.com/k1LoW/awspec/lib/awspec/generator/doc/type/codedeploy_deployment_group.rb": {
        "lines": [
          1,
          1,
          1,
          1,
          1,
          0,
          0,
          0,
          0,
          0,
          0,
          0,
          null,
          null,
          null,
          null,
          null
        ]
      },
      "/Users/k1low/src/github.com/k1LoW/awspec/lib/awspec/generator/doc/type/secretsmanager.rb": {
        "lines": [
          1,
          1,
          1,
          1,
          1,
          0,
          0,
          0,
          0,
          0,
          0,
          0,
          null,
          null,
          null,
          null,
          null
        ]
      },
      "/Users/k1low/src/github.com/k1LoW/awspec/lib/awspec/generator/doc/type/msk.rb": {
        "lines": [
          1,
          1,
          1,
          1,
          1,
          0,
          0,
          0,
          0,
          0,
          0,
          0,
          null,
          null,
          null,
          null,
          null
        ]
      },
      "/Users/k1low/src/github.com/k1LoW/awspec/lib/awspec/generator/doc/type/transit_gateway.rb": {
        "lines": [
          1,
          1,
          1,
          1,
          1,
          0,
          0,
          0,
          0,
          0,
          0,
          0,
          null,
          null,
          null,
          null,
          null
        ]
      },
      "/Users/k1low/src/github.com/k1LoW/awspec/lib/awspec/generator/doc/type/cognito_identity_pool.rb": {
        "lines": [
          1,
          1,
          1,
          1,
          1,
          0,
          0,
          0,
          0,
          0,
          0,
          0,
          null,
          null,
          null,
          null,
          null
        ]
      },
      "/Users/k1low/src/github.com/k1LoW/awspec/lib/awspec/generator/doc/type/cognito_user_pool.rb": {
        "lines": [
          1,
          1,
          1,
          1,
          1,
          0,
          0,
          0,
          0,
          0,
          0,
          0,
          null,
          null,
          null,
          null,
          null
        ]
      },
      "/Users/k1low/src/github.com/k1LoW/awspec/lib/awspec/generator/doc/type/vpc_endpoints.rb": {
        "lines": [
          1,
          1,
          1,
          1,
          1,
          0,
          0,
          0,
          0,
          0,
          0,
          0,
          null,
          null,
          null,
          null,
          null
        ]
      },
      "/Users/k1low/src/github.com/k1LoW/awspec/lib/awspec/generator/doc/type/ec2_account_attributes.rb": {
        "lines": [
          1,
          1,
          1,
          1,
          1,
          0,
          0,
          0,
          0,
          0,
          0,
          0,
          null,
          null,
          null,
          null,
          null
        ]
      },
      "/Users/k1low/src/github.com/k1LoW/awspec/lib/awspec/generator/doc/type/rds_account_attributes.rb": {
        "lines": [
          1,
          1,
          1,
          1,
          1,
          0,
          0,
          0,
          0,
          0,
          0,
          0,
          null,
          null,
          null,
          null,
          null
        ]
      },
      "/Users/k1low/src/github.com/k1LoW/awspec/lib/awspec/generator/doc/type/lambda_account_settings.rb": {
        "lines": [
          1,
          1,
          1,
          1,
          1,
          0,
          0,
          0,
          0,
          0,
          0,
          0,
          null,
          null,
          null,
          null,
          null
        ]
      },
      "/Users/k1low/src/github.com/k1LoW/awspec/lib/awspec/generator/doc/type/ses_send_quota.rb": {
        "lines": [
          1,
          1,
          1,
          1,
          1,
          0,
          0,
          0,
          0,
          0,
          0,
          0,
          null,
          null,
          null,
          null,
          null
        ]
      },
      "/Users/k1low/src/github.com/k1LoW/awspec/lib/awspec/generator/doc/type/account.rb": {
        "lines": [
          1,
          1,
          1,
          1,
          1,
          0,
          0,
          0,
          0,
          0,
          0,
          0,
          null,
          null,
          1,
          0,
          0,
          null,
          null,
          1,
          0,
          null,
          null,
          null,
          null,
          null,
          null,
          null,
          null,
          null,
          null,
          null,
          null,
          null,
          null,
          null,
          null,
          null,
          null,
          null,
          null,
          null,
          null,
          0,
          null,
          null,
          1,
          0,
          null,
          null,
          null,
          null,
          null,
          null,
          null,
          null,
          null,
          null,
          null,
          null,
          null,
          null,
          null,
          null,
          null,
          0,
          null,
          null,
          null,
          null,
          null
        ]
      },
      "/Users/k1low/src/github.com/k1LoW/awspec/lib/awspec/generator/doc/type/account_attribute.rb": {
        "lines": [
          1,
          1,
          1,
          1,
          1,
          0,
          0,
          0,
          0,
          0,
          0,
          0,
          null,
          null,
          1,
          0,
          0,
          null,
          null,
          1,
          0,
          null,
          null,
          null,
          null,
          null,
          null,
          null,
          null,
          null,
          null,
          null,
          null,
          null,
          null,
          null,
          null,
          null,
          null,
          null,
          null,
          0,
          null,
          null,
          1,
          0,
          null,
          null,
          null,
          null,
          null,
          null,
          null,
          null,
          null,
          null,
          null,
          null,
          null,
          null,
          null,
          null,
          null,
          0,
          null,
          null,
          null,
          null,
          null
        ]
      },
      "/Users/k1low/src/github.com/k1LoW/awspec/lib/awspec/generator/template.rb": {
        "lines": [
          1,
          1,
          1,
          0,
          0,
          0,
          0,
          0,
          0,
          0,
          0,
          0,
          null,
          null,
          1,
          0,
          0,
          0,
          0,
          0,
          0,
          0,
          null,
          null,
          1,
          0,
          0,
          0,
          null,
          null,
          null,
          null,
          null,
          null,
          null,
          null,
          null,
          null,
          null,
          null,
          0,
          null,
          null,
          1,
          0,
          0,
          null,
          null,
          null,
          null,
          0,
          null,
          null,
          1,
          0,
          0,
          null,
          null,
          null,
          null,
          null,
          null,
          null,
          0,
          null,
          null,
          1,
          0,
          0,
          null,
          null,
          null,
          null,
          null,
          null,
          null,
          null,
          null,
          null,
          null,
          null,
          null,
          null,
          null,
          null,
          null,
          null,
          0,
          null,
          null,
          1,
          0,
          0,
          null,
          null,
          null,
          null,
          null,
          null,
          null,
          null,
          null,
          null,
          null,
          null,
          null,
          null,
          null,
          null,
          null,
          null,
          0,
          null,
          null,
          1,
          0,
          0,
          null,
          null,
          0,
          null,
          null,
          1,
          0,
          null,
          null,
          null,
          null,
          null,
          null,
          null,
          null,
          null,
          1,
          0,
          0,
          null,
          0,
          0,
          null,
          0,
          null,
          null,
          null,
          null
        ]
      },
      "/Users/k1low/src/github.com/k1LoW/awspec/lib/awspec/toolbox.rb": {
        "lines": [
          1,
          1,
          1,
          1,
          0,
          null,
          null,
          1,
          1,
          1,
          0,
          0,
          null,
          0,
          null,
          null,
          null,
          null
        ]
      },
      "/Users/k1low/src/github.com/k1LoW/awspec/lib/awspec/shared_context.rb": {
        "lines": [
          1,
          0,
          0,
          0,
          0,
          null,
          null,
          0,
          0,
          null,
          null,
          null,
          1,
          0,
          0,
          0,
          0,
          null,
          null,
          null,
          1,
          0,
          0,
          null,
          null,
          null,
          1,
          0,
          0,
          null,
          null,
          null,
          1,
          0,
          0,
          null,
          null
        ]
      },
      "/Users/k1low/src/github.com/k1LoW/awspec/lib/awspec/stub/alb_listener.rb": {
        "lines": [
          null,
          1,
          null,
          null,
          null,
          null,
          null,
          null,
          null,
          null,
          null,
          null,
          null,
          null,
          null,
          null,
          null,
          null,
          null,
          null,
          null,
          null,
          null,
          null,
          null,
          null,
          null,
          null,
          null,
          null,
          null,
          null,
          null,
          null,
          null,
          null,
          null,
          null,
          null,
          null,
          null,
          null,
          null,
          null,
          null,
          null,
          null,
          null,
          null,
          null,
          null,
          null,
          null,
          null,
          null,
          null,
          null,
          null,
          null,
          null,
          null,
          null,
          null,
          null,
          null,
          null,
          null,
          null,
          null,
          null,
          null,
          null,
          null,
          null,
          null,
          null,
          null,
          null,
          null,
          null,
          null,
          null,
          null,
          null,
          null,
          null,
          null,
          null,
          null,
          null,
          null,
          null,
          null,
          null,
          null,
          null,
          null,
          null,
          null,
          null,
          null,
          null,
          null,
          null,
          null,
          null,
          null,
          null,
          null,
          null,
          null,
          null,
          null,
          null,
          null,
          null,
          null,
          null,
          null,
          null,
          null,
          null,
          null,
          null,
          null,
          null,
          null,
          null,
          null,
          null,
          null,
          null,
          null,
          null,
          null,
          null,
          null,
          null,
          null,
          null,
          null,
          null,
          1,
          null,
          null,
          null,
          null,
          null,
          null,
          null,
          null,
          null,
          null,
          null,
          null,
          null,
          null,
          null,
          null,
          null,
          null,
          null,
          null,
          null,
          null,
          null,
          null,
          null,
          null,
          null,
          null,
          null,
          null,
          null,
          null,
          null,
          null,
          null,
          null,
          null,
          null,
          null,
          null,
          null,
          null,
          null,
          null,
          null,
          null,
          null,
          null,
          null,
          null,
          null,
          null,
          null,
          null,
          null,
          null,
          null,
          null,
          null,
          null,
          null,
          null,
          null,
          null,
          null,
          null,
          null,
          null,
          null,
          null,
          null,
          null,
          null,
          null,
          null,
          null,
          null,
          null,
          null,
          null,
          null,
          null,
          null,
          null,
          null,
          null,
          null,
          null,
          null,
          null,
          null,
          null,
          null,
          null,
          null,
          null,
          null,
          null,
          null,
          null,
          null,
          null,
          null,
          null,
          null,
          null,
          null,
          null,
          null,
          null,
          null,
          null,
          null,
          null,
          null,
          null,
          null,
          null,
          null,
          null,
          null,
          null,
          null,
          null,
          null,
          null,
          null,
          null,
          null,
          null,
          null,
          null,
          null,
          null,
          null,
          null,
          null,
          null,
          null,
          null,
          null,
          null,
          null,
          null,
          null,
          null,
          null,
          null,
          null,
          null,
          null,
          null,
          null,
          null,
          null,
          null,
          null,
          null,
          null,
          null,
          null,
          null,
          null,
          null
        ]
      }
    },
    "timestamp": 1619015864
  }
}
