SF:./lib/ridgepole.rb
DA:3,1
DA:4,1
DA:5,1
DA:6,1
DA:7,1
DA:8,1
DA:10,1
DA:11,1
DA:12,1
DA:14,1
DA:16,1
DA:18,1
DA:19,1
DA:20,1
DA:21,1
DA:22,1
DA:23,1
DA:24,1
DA:25,1
DA:26,1
DA:27,1
DA:28,1
DA:29,1
DA:30,1
DA:31,1
DA:32,1
DA:33,1
DA:34,1
DA:35,1
DA:36,1
end_of_record
SF:./lib/ridgepole/cli/config.rb
DA:3,1
DA:4,1
DA:6,1
DA:7,1
DA:8,1
DA:9,1
DA:10,12
DA:12,12
DA:13,0
DA:14,12
DA:15,0
DA:16,12
DA:17,12
DA:24,0
DA:27,12
DA:29,11
DA:31,11
DA:32,3
DA:34,8
DA:38,1
DA:40,1
DA:41,0
DA:43,0
DA:44,0
DA:51,0
DA:55,1
DA:56,4
DA:58,4
DA:59,13
DA:61,13
DA:62,1
DA:63,1
DA:68,3
DA:69,3
DA:71,2
DA:74,3
DA:75,3
DA:77,3
DA:80,3
end_of_record
SF:./lib/ridgepole/client.rb
DA:3,1
DA:4,1
DA:5,1
DA:6,242
DA:8,242
DA:11,242
DA:13,242
DA:14,242
DA:15,242
DA:16,242
DA:18,242
DA:21,1
DA:22,314
DA:23,314
DA:24,314
DA:27,1
DA:28,395
DA:30,395
DA:31,395
DA:32,386
DA:33,989
DA:35,386
DA:36,386
DA:37,386
DA:38,386
DA:41,1
DA:43,1
DA:44,989
DA:45,989
DA:48,1
DA:49,1
DA:50,3
DA:52,3
DA:53,3
DA:54,3
DA:55,3
DA:57,3
DA:58,3
DA:59,3
DA:62,1
DA:63,1
DA:64,1
DA:67,1
DA:69,1
DA:70,6
DA:72,6
DA:74,0
DA:76,2
DA:77,2
DA:78,2
DA:79,2
DA:82,6
DA:83,6
end_of_record
SF:./lib/ridgepole/connection_adapters.rb
DA:3,1
DA:4,1
DA:5,1
DA:6,3223
DA:9,1
DA:10,1372
end_of_record
SF:./lib/ridgepole/default_limit.rb
DA:3,1
DA:4,1
DA:6,1
DA:17,1
DA:18,1
DA:19,4559
DA:20,4559
DA:21,4559
DA:22,4559
DA:25,1
DA:26,4801
DA:28,0
end_of_record
SF:./lib/ridgepole/delta.rb
DA:3,1
DA:4,1
DA:5,1
DA:7,1
DA:8,388
DA:9,388
DA:10,388
DA:13,1
DA:14,344
DA:16,344
DA:17,1
DA:18,1
DA:21,2
DA:22,1
DA:24,343
DA:28,1
DA:29,567
DA:30,567
DA:31,567
DA:33,567
DA:34,604
DA:37,567
DA:38,8
DA:41,567
DA:42,370
DA:45,567
DA:46,28
DA:50,567
DA:53,1701
DA:56,1
DA:57,199
DA:60,1
DA:62,1
DA:63,344
DA:64,344
DA:66,344
DA:67,15
DA:70,15
DA:71,15
DA:73,15
DA:74,109
DA:77,15
DA:78,15
DA:79,15
DA:83,15
DA:84,2
DA:85,2
DA:88,13
DA:91,15
DA:93,15
DA:95,329
DA:96,2
DA:97,2
DA:99,327
DA:100,3
DA:101,3
DA:104,324
DA:107,343
DA:110,1
DA:111,344
DA:114,344
DA:115,344
DA:117,343
DA:120,1
DA:123,343
DA:126,1
DA:127,343
DA:128,343
DA:129,343
DA:131,343
DA:132,6
DA:133,6
DA:136,6
DA:138,0
DA:140,0
DA:142,0
DA:144,0
DA:147,6
DA:149,2
DA:150,1
DA:152,1
DA:153,1
DA:156,2
DA:159,343
DA:162,1
DA:163,344
DA:165,344
DA:166,1
DA:167,0
DA:169,1
DA:173,344
DA:175,343
DA:176,1
DA:177,0
DA:179,1
DA:183,343
DA:186,1
DA:187,1
DA:188,1
DA:189,1
DA:191,1
DA:192,57
DA:193,57
DA:194,57
DA:197,1
DA:198,1
DA:199,1
DA:200,1
DA:201,1
DA:204,1
DA:205,1
DA:206,1
DA:209,1
DA:210,1
DA:211,29
DA:213,1
DA:214,1
DA:216,0
DA:220,1
DA:221,604
DA:222,604
DA:223,604
DA:225,604
DA:229,604
DA:230,1798
DA:231,1798
DA:232,1798
DA:233,1798
DA:235,1798
DA:237,1798
DA:242,604
DA:243,6
DA:244,12
DA:248,604
DA:252,604
DA:253,388
DA:254,388
DA:255,481
DA:260,604
DA:261,37
DA:262,40
DA:266,604
DA:267,604
DA:270,1
DA:271,8
DA:275,8
DA:278,1
DA:279,28
DA:283,28
DA:286,1
DA:288,4
DA:292,4
DA:295,1
DA:296,2
DA:299,2
DA:302,2
DA:303,2
DA:305,2
DA:308,1
DA:309,2
DA:310,2
DA:313,1
DA:314,370
DA:315,370
DA:316,370
DA:317,370
DA:318,370
DA:319,370
DA:320,370
DA:321,370
DA:323,370
DA:324,296
DA:325,296
DA:326,296
DA:327,296
DA:328,296
DA:332,370
DA:334,370
DA:336,370
DA:338,370
DA:339,370
DA:340,370
DA:343,1
DA:344,684
DA:345,684
DA:346,684
DA:349,1
DA:350,592
DA:351,91
DA:354,592
DA:355,15
DA:358,592
DA:359,101
DA:362,592
DA:363,159
DA:367,1
DA:368,91
DA:369,91
DA:370,91
DA:372,91
DA:373,9
DA:377,82
DA:383,1
DA:384,15
DA:385,9
DA:389,6
DA:395,1
DA:396,101
DA:397,101
DA:400,101
DA:401,101
DA:404,101
DA:405,9
DA:409,92
DA:415,1
DA:416,159
DA:417,51
DA:421,108
DA:427,1
DA:428,296
DA:429,88
DA:433,1
DA:434,296
DA:435,60
DA:439,1
DA:440,581
DA:441,581
DA:442,581
DA:443,581
DA:445,581
DA:446,45
DA:450,536
DA:456,1
DA:457,60
DA:458,60
DA:460,60
DA:461,60
DA:463,0
DA:466,60
DA:467,15
DA:471,45
DA:477,1
DA:478,78
DA:479,58
DA:482,78
DA:483,48
DA:487,1
DA:488,88
DA:489,88
DA:491,88
DA:496,1
DA:497,58
DA:498,58
DA:500,58
DA:501,31
DA:503,27
DA:506,58
DA:511,1
DA:512,56
DA:515,1
DA:516,1889
DA:517,1889
DA:520,1
DA:521,2594
DA:524,2594
DA:525,11
DA:526,11
DA:527,11
DA:528,11
DA:529,11
DA:530,11
DA:531,11
DA:533,2583
DA:535,2594
end_of_record
SF:./lib/ridgepole/diff.rb
DA:3,1
DA:4,1
DA:5,1
DA:7,1
DA:8,245
DA:9,245
DA:12,1
DA:13,389
DA:14,389
DA:16,389
DA:18,389
DA:19,389
DA:21,389
DA:23,389
DA:24,1001
DA:26,1001
DA:28,989
DA:29,460
DA:31,460
DA:32,200
DA:35,460
DA:37,529
DA:38,529
DA:42,388
DA:44,388
DA:45,384
DA:46,22
DA:48,22
DA:49,22
DA:51,22
DA:52,22
DA:54,4
DA:55,4
DA:56,4
DA:57,4
DA:61,388
DA:63,388
DA:66,1
DA:68,1
DA:69,389
DA:70,1005
DA:72,993
DA:74,8
DA:77,8
DA:78,2
DA:79,2
DA:82,6
DA:83,2
DA:84,2
DA:87,4
DA:88,4
DA:90,4
DA:91,4
DA:95,1
DA:96,460
DA:97,460
DA:98,460
DA:100,460
DA:101,460
DA:102,459
DA:103,459
DA:105,459
DA:106,165
DA:107,165
DA:111,1
DA:112,460
DA:113,460
DA:115,460
DA:117,460
DA:118,2
DA:119,2
DA:122,460
DA:123,460
DA:124,1
DA:125,1
DA:127,1
DA:128,1
DA:129,1
DA:130,1
DA:133,1
DA:134,1
DA:135,1
DA:136,1
DA:139,1
DA:140,0
DA:141,0
DA:142,0
DA:146,460
DA:147,1
DA:148,1
DA:149,1
DA:153,460
DA:154,434
DA:155,434
DA:156,434
DA:157,434
DA:158,434
DA:159,434
DA:162,460
DA:163,460
DA:164,4
DA:165,2
DA:166,0
DA:167,0
DA:169,2
DA:172,2
DA:174,2
DA:181,460
DA:182,460
DA:184,460
DA:185,4
DA:193,1
DA:194,920
DA:195,920
DA:197,920
DA:198,24
DA:199,24
DA:200,24
DA:201,896
DA:202,92
DA:205,920
DA:207,920
DA:210,1
DA:211,1331
DA:212,1331
DA:214,1331
DA:215,1331
DA:218,1
DA:219,460
DA:220,460
DA:221,460
DA:223,4
DA:226,1
DA:227,460
DA:228,460
DA:229,460
DA:231,460
DA:233,459
DA:234,168
DA:236,291
DA:239,459
DA:240,1377
DA:241,1377
DA:242,1377
DA:244,1371
DA:245,1327
DA:246,1327
DA:247,47
DA:248,47
DA:251,44
DA:252,44
DA:254,44
DA:255,39
DA:257,5
DA:260,44
DA:263,1371
DA:266,459
DA:267,0
DA:268,0
DA:269,0
DA:270,0
DA:271,0
DA:276,459
DA:277,451
DA:278,71
DA:279,71
DA:281,71
DA:283,48
DA:285,48
DA:286,66
DA:290,48
DA:291,0
DA:292,0
DA:296,48
DA:297,66
DA:302,459
DA:305,1
DA:306,460
DA:307,1387
DA:309,10
DA:312,10
DA:314,7
DA:316,6
DA:317,6
DA:319,6
DA:320,6
DA:324,1
DA:325,459
DA:326,459
DA:327,459
DA:329,459
DA:330,374
DA:332,374
DA:333,20
DA:335,12
DA:336,6
DA:337,6
DA:340,362
DA:343,374
DA:345,370
DA:346,344
DA:347,344
DA:349,344
DA:350,16
DA:351,16
DA:353,16
DA:354,16
DA:355,16
DA:356,16
DA:361,26
DA:362,26
DA:366,459
DA:367,451
DA:368,12
DA:369,12
DA:370,12
DA:375,459
DA:378,1
DA:379,2044
DA:380,16
DA:381,2048
DA:382,12
DA:383,2016
DA:384,12
DA:386,2004
DA:390,1
DA:391,2662
DA:392,2662
DA:393,2662
DA:394,2662
DA:397,2662
DA:399,2662
DA:400,2662
DA:402,2662
DA:403,4
DA:404,4
DA:405,4
DA:406,4
DA:407,4
DA:411,2662
DA:412,18
DA:414,6
DA:415,6
DA:417,6
DA:419,6
DA:425,1
DA:427,688
DA:428,688
DA:431,1
DA:432,28
DA:434,28
DA:436,61
DA:439,1
DA:440,463
DA:441,463
DA:442,463
DA:444,463
DA:445,31
DA:446,31
DA:447,31
DA:449,29
DA:450,14
DA:451,6
DA:452,6
DA:454,6
DA:455,6
DA:456,6
DA:460,15
DA:461,15
DA:465,463
DA:466,455
DA:467,20
DA:468,20
DA:472,463
DA:478,1
DA:488,51
DA:489,7
DA:490,7
DA:493,51
DA:496,1
DA:497,1331
DA:498,1331
DA:499,1331
DA:501,1331
DA:502,5
DA:503,5
DA:506,1331
DA:509,1
DA:510,1791
DA:511,2
DA:512,2
DA:516,1
DA:517,460
DA:518,460
DA:520,460
DA:526,460
DA:529,1
DA:530,1001
DA:532,16
DA:533,16
DA:535,16
DA:536,76
DA:539,16
DA:545,1
DA:546,388
DA:548,8
DA:549,16
DA:551,16
DA:552,16
DA:554,16
DA:555,4
DA:557,4
DA:558,4
DA:560,4
DA:561,4
DA:562,4
DA:566,4
DA:568,4
DA:569,4
DA:571,4
DA:572,4
DA:573,2
DA:575,2
DA:578,4
DA:583,4
DA:587,4
DA:588,8
DA:591,8
DA:597,4
DA:599,2
DA:600,2
DA:601,2
DA:603,2
DA:612,1
DA:613,389
DA:615,9
DA:616,9
end_of_record
SF:./lib/ridgepole/dsl_parser.rb
DA:3,1
DA:4,1
DA:5,1
DA:6,248
DA:9,1
DA:10,787
DA:11,783
DA:12,778
DA:15,1
DA:17,1
DA:18,783
DA:19,1511
DA:20,1510
DA:21,1508
DA:25,1
DA:26,1511
DA:29,1
DA:30,1510
DA:33,1
DA:34,1508
DA:35,96
DA:37,2
DA:38,2
DA:39,2
DA:41,2
DA:43,2
end_of_record
SF:./lib/ridgepole/dsl_parser/context.rb
DA:3,1
DA:4,1
DA:5,1
DA:6,1
DA:8,1
DA:9,788
DA:10,788
DA:11,788
DA:14,1
DA:15,787
DA:17,787
DA:18,2
DA:20,785
DA:23,783
DA:26,1
DA:27,1519
DA:28,1519
DA:30,1519
DA:31,1519
DA:32,2
DA:33,2
DA:34,2
DA:37,1519
DA:38,1519
DA:40,1519
DA:42,1518
DA:43,1518
DA:44,1518
DA:47,1
DA:48,1217
DA:51,1217
DA:52,1217
DA:53,1217
DA:54,1217
DA:55,1217
DA:57,1217
DA:59,1216
DA:60,4
DA:61,4
DA:63,4
DA:64,8
DA:68,1216
DA:70,1216
DA:76,1
DA:77,111
DA:78,111
DA:79,111
DA:80,111
DA:81,111
DA:82,111
DA:83,111
DA:84,111
DA:86,111
DA:88,109
DA:94,1
DA:95,3
DA:97,3
DA:98,3
DA:99,0
DA:100,0
DA:102,0
DA:106,1
DA:107,1
DA:110,1
DA:111,6
end_of_record
SF:./lib/ridgepole/dsl_parser/table_definition.rb
DA:3,1
DA:4,1
DA:5,1
DA:6,1
DA:8,1
DA:9,1519
DA:10,1519
DA:11,1519
DA:14,1
DA:15,4580
DA:16,4580
DA:18,4580
DA:23,4580
DA:26,1
DA:30,1
DA:78,1
DA:79,36
DA:80,4540
DA:81,4540
DA:82,4540
DA:83,9080
DA:89,1
DA:102,1
DA:103,2
DA:104,2
DA:105,2
DA:107,2
DA:108,2
DA:109,2
DA:113,1
DA:114,10
DA:115,20
DA:116,20
DA:117,20
DA:118,40
DA:122,1
DA:123,1113
DA:126,1
DA:127,6
DA:130,1
DA:131,2
DA:132,2
DA:133,2
DA:136,1
DA:137,7
DA:138,7
DA:139,7
DA:141,7
DA:142,7
DA:143,7
DA:144,7
DA:146,7
DA:147,7
DA:148,7
DA:149,7
DA:150,7
DA:151,7
DA:153,7
DA:154,2
DA:155,2
DA:156,2
DA:157,2
DA:161,1
end_of_record
SF:./lib/ridgepole/dumper.rb
DA:3,1
DA:4,1
DA:5,1
DA:6,242
DA:7,242
DA:10,1
DA:11,700
DA:12,700
DA:13,700
DA:15,700
DA:16,17
DA:17,20
DA:19,6
DA:23,700
DA:24,13
DA:25,59
DA:29,700
DA:31,700
DA:33,700
DA:34,19057
DA:35,3
DA:36,3
DA:40,700
DA:41,19757
DA:46,700
DA:48,700
DA:50,700
DA:51,1339
DA:52,1339
DA:53,1339
DA:57,700
DA:60,1
DA:62,1
DA:63,700
DA:64,700
DA:66,700
DA:67,2039
DA:68,1339
DA:69,1339
DA:70,1339
DA:74,700
DA:75,10651
DA:76,1339
DA:77,1339
DA:78,1339
DA:79,9312
DA:80,7912
DA:84,700
DA:87,1
DA:88,1339
DA:91,1
DA:92,700
DA:93,700
DA:94,700
DA:95,700
DA:98,700
end_of_record
SF:./lib/ridgepole/execute_expander.rb
DA:3,1
DA:4,1
DA:5,1
DA:6,1
DA:10,1
DA:11,0
DA:15,1
DA:16,1
DA:17,10381
DA:18,109
DA:19,109
DA:20,109
DA:23,109
DA:25,24
DA:26,0
DA:27,0
DA:30,85
DA:32,10272
DA:33,8
DA:34,0
DA:36,8
DA:37,8
DA:41,10264
DA:42,10264
DA:46,1
DA:48,1
DA:49,10381
DA:50,7
DA:52,3
DA:56,4
DA:60,10381
DA:64,1
DA:65,1
DA:66,1
DA:67,1
DA:68,1
DA:70,1
DA:71,1
DA:72,15
DA:73,15
DA:74,15
DA:76,15
DA:77,15
DA:80,1
DA:81,2
DA:82,2
DA:83,2
DA:85,2
DA:86,2
DA:89,1
DA:90,5
DA:91,5
DA:93,5
DA:96,1
DA:97,242
DA:99,242
DA:100,242
end_of_record
SF:./lib/ridgepole/ext/abstract_adapter/disable_table_options.rb
DA:3,1
DA:5,1
DA:6,1
DA:7,1
DA:8,1
DA:9,1
DA:10,700
DA:11,700
DA:13,700
DA:16,1
DA:17,2684
DA:19,2684
DA:20,2660
DA:23,2660
DA:24,2660
DA:27,2684
DA:34,1
DA:35,1
DA:36,1
DA:37,1
DA:38,2
end_of_record
SF:./lib/ridgepole/ext/abstract_mysql_adapter/dump_auto_increment.rb
DA:3,1
DA:5,1
DA:6,1
DA:7,1
DA:8,1
DA:9,1
DA:10,0
DA:11,0
DA:12,0
DA:19,1
DA:20,1
DA:21,1
DA:22,1
end_of_record
SF:./lib/ridgepole/ext/pp_sort_hash.rb
DA:3,1
DA:4,1
DA:5,1
DA:6,1
DA:7,10655
DA:8,29165
DA:9,18510
DA:11,18510
DA:12,18510
DA:13,18510
DA:14,18510
DA:15,18510
DA:16,18510
DA:23,1
DA:24,19430
DA:25,10655
DA:26,10655
DA:29,19430
end_of_record
SF:./lib/ridgepole/ext/schema_dumper.rb
DA:3,1
DA:5,1
DA:6,1
DA:7,1
DA:8,1
DA:9,1
DA:12,1
DA:13,1
DA:15,1
DA:16,700
DA:17,700
DA:19,700
DA:23,1
DA:24,1342
DA:26,36
DA:27,12
DA:29,12
DA:33,12
DA:35,12
DA:37,12
DA:39,12
DA:40,12
DA:42,12
DA:45,12
DA:52,1
DA:53,1
DA:54,1
end_of_record
SF:./lib/ridgepole/external_sql_executer.rb
DA:3,1
DA:4,1
DA:5,1
DA:6,2
DA:7,2
DA:10,1
DA:11,8
DA:12,8
DA:13,8
DA:15,8
DA:16,8
DA:17,8
DA:20,8
DA:21,8
DA:23,8
DA:25,8
DA:27,8
DA:29,16
DA:30,0
DA:32,0
DA:34,0
DA:35,0
DA:37,0
DA:40,16
DA:48,8
DA:52,1
DA:54,1
DA:55,8
DA:57,0
DA:59,8
end_of_record
SF:./lib/ridgepole/logger.rb
DA:3,1
DA:4,1
DA:5,1
DA:6,1
DA:8,1
DA:9,1
DA:11,1
DA:12,0
DA:15,1
DA:18,1
DA:19,3482
DA:22,1
DA:23,0
end_of_record
SF:./lib/ridgepole/migration_ext.rb
DA:3,1
DA:5,1
DA:6,1
DA:7,1
DA:8,1
DA:9,1
DA:10,1
DA:12,1
DA:13,1
DA:16,1
DA:17,1
DA:18,1
DA:20,1
DA:23,1
DA:28,1
DA:29,2507
DA:30,2507
DA:31,2507
DA:34,1
DA:35,2507
DA:37,10
DA:39,5
DA:41,5
DA:45,1
DA:46,1
DA:48,1
DA:49,1
DA:52,1
DA:53,5
DA:56,1
DA:57,5
DA:59,5
DA:65,1
DA:66,1
DA:67,1
end_of_record
SF:./lib/ridgepole/schema_dumper_ext.rb
DA:3,1
DA:5,1
DA:6,1
DA:7,1
DA:8,1342
DA:9,1342
DA:10,1342
DA:15,1
DA:16,1
DA:17,1
end_of_record
SF:./lib/ridgepole/schema_statements_ext.rb
DA:3,1
DA:5,1
DA:6,1
DA:7,1
DA:8,0
DA:9,0
DA:10,0
DA:11,0
DA:12,0
DA:13,0
DA:15,0
DA:18,0
DA:22,1
DA:28,1
DA:29,1
DA:30,1
DA:31,1
end_of_record
